<?xml version="1.0" encoding="UTF-8"?>
<testsuite xmlns:xsi="http://www.w3.org/2001/XMLSchema-instance" xsi:noNamespaceSchemaLocation="https://maven.apache.org/surefire/maven-surefire-plugin/xsd/surefire-test-report.xsd" name="org.im.agreement.AppTest" time="0.096" tests="1" errors="0" skipped="0" failures="0">
  <properties>
    <property name="sun.desktop" value="windows"/>
    <property name="awt.toolkit" value="sun.awt.windows.WToolkit"/>
    <property name="file.encoding.pkg" value="sun.io"/>
    <property name="java.specification.version" value="1.8"/>
    <property name="sun.cpu.isalist" value="amd64"/>
    <property name="sun.jnu.encoding" value="GBK"/>
    <property name="java.class.path" value="G:\work\im_project\target\test-classes;G:\work\im_project\target\classes;C:\Users\ASUS\.m2\repository\io\netty\netty-all\4.1.34.Final\netty-all-4.1.34.Final.jar;C:\Users\ASUS\.m2\repository\com\dyuproject\protostuff\protostuff-core\1.0.10\protostuff-core-1.0.10.jar;C:\Users\ASUS\.m2\repository\com\dyuproject\protostuff\protostuff-api\1.0.10\protostuff-api-1.0.10.jar;C:\Users\ASUS\.m2\repository\com\dyuproject\protostuff\protostuff-runtime\1.0.10\protostuff-runtime-1.0.10.jar;C:\Users\ASUS\.m2\repository\com\dyuproject\protostuff\protostuff-collectionschema\1.0.10\protostuff-collectionschema-1.0.10.jar;C:\Users\ASUS\.m2\repository\org\objenesis\objenesis\2.4\objenesis-2.4.jar;C:\Users\ASUS\.m2\repository\junit\junit\4.12\junit-4.12.jar;C:\Users\ASUS\.m2\repository\org\hamcrest\hamcrest-core\1.3\hamcrest-core-1.3.jar;"/>
    <property name="java.vm.vendor" value="Oracle Corporation"/>
    <property name="sun.arch.data.model" value="64"/>
    <property name="user.variant" value=""/>
    <property name="java.vendor.url" value="http://java.oracle.com/"/>
    <property name="user.timezone" value="Asia/Shanghai"/>
    <property name="java.vm.specification.version" value="1.8"/>
    <property name="os.name" value="Windows 10"/>
    <property name="user.country" value="CN"/>
    <property name="sun.java.launcher" value="SUN_STANDARD"/>
    <property name="sun.boot.library.path" value="C:\Program Files\Java\jdk1.8.0_131\jre\bin"/>
    <property name="sun.java.command" value="C:\Users\ASUS\AppData\Local\Temp\surefire6198646356819556828\surefirebooter5831003195386393308.jar C:\Users\ASUS\AppData\Local\Temp\surefire6198646356819556828 2020-05-03T02-23-47_246-jvmRun1 surefire7179166543406292285tmp surefire_04789575065507808668tmp"/>
    <property name="surefire.test.class.path" value="G:\work\im_project\target\test-classes;G:\work\im_project\target\classes;C:\Users\ASUS\.m2\repository\io\netty\netty-all\4.1.34.Final\netty-all-4.1.34.Final.jar;C:\Users\ASUS\.m2\repository\com\dyuproject\protostuff\protostuff-core\1.0.10\protostuff-core-1.0.10.jar;C:\Users\ASUS\.m2\repository\com\dyuproject\protostuff\protostuff-api\1.0.10\protostuff-api-1.0.10.jar;C:\Users\ASUS\.m2\repository\com\dyuproject\protostuff\protostuff-runtime\1.0.10\protostuff-runtime-1.0.10.jar;C:\Users\ASUS\.m2\repository\com\dyuproject\protostuff\protostuff-collectionschema\1.0.10\protostuff-collectionschema-1.0.10.jar;C:\Users\ASUS\.m2\repository\org\objenesis\objenesis\2.4\objenesis-2.4.jar;C:\Users\ASUS\.m2\repository\junit\junit\4.12\junit-4.12.jar;C:\Users\ASUS\.m2\repository\org\hamcrest\hamcrest-core\1.3\hamcrest-core-1.3.jar;"/>
    <property name="sun.cpu.endian" value="little"/>
    <property name="user.home" value="C:\Users\ASUS"/>
    <property name="user.language" value="zh"/>
    <property name="java.specification.vendor" value="Oracle Corporation"/>
    <property name="java.home" value="C:\Program Files\Java\jdk1.8.0_131\jre"/>
    <property name="basedir" value="G:\work\im_project"/>
    <property name="file.separator" value="\"/>
    <property name="line.separator" value="&#10;"/>
    <property name="java.vm.specification.vendor" value="Oracle Corporation"/>
    <property name="java.specification.name" value="Java Platform API Specification"/>
    <property name="java.awt.graphicsenv" value="sun.awt.Win32GraphicsEnvironment"/>
    <property name="surefire.real.class.path" value="C:\Users\ASUS\AppData\Local\Temp\surefire6198646356819556828\surefirebooter5831003195386393308.jar"/>
    <property name="sun.boot.class.path" value="C:\Program Files\Java\jdk1.8.0_131\jre\lib\resources.jar;C:\Program Files\Java\jdk1.8.0_131\jre\lib\rt.jar;C:\Program Files\Java\jdk1.8.0_131\jre\lib\sunrsasign.jar;C:\Program Files\Java\jdk1.8.0_131\jre\lib\jsse.jar;C:\Program Files\Java\jdk1.8.0_131\jre\lib\jce.jar;C:\Program Files\Java\jdk1.8.0_131\jre\lib\charsets.jar;C:\Program Files\Java\jdk1.8.0_131\jre\lib\jfr.jar;C:\Program Files\Java\jdk1.8.0_131\jre\classes"/>
    <property name="user.script" value=""/>
    <property name="sun.management.compiler" value="HotSpot 64-Bit Tiered Compilers"/>
    <property name="java.runtime.version" value="1.8.0_131-b11"/>
    <property name="user.name" value="ASUS"/>
    <property name="path.separator" value=";"/>
    <property name="os.version" value="10.0"/>
    <property name="java.endorsed.dirs" value="C:\Program Files\Java\jdk1.8.0_131\jre\lib\endorsed"/>
    <property name="java.runtime.name" value="Java(TM) SE Runtime Environment"/>
    <property name="file.encoding" value="GBK"/>
    <property name="java.vm.name" value="Java HotSpot(TM) 64-Bit Server VM"/>
    <property name="localRepository" value="C:\Users\ASUS\.m2\repository"/>
    <property name="java.vendor.url.bug" value="http://bugreport.sun.com/bugreport/"/>
    <property name="java.io.tmpdir" value="C:\Users\ASUS\AppData\Local\Temp\"/>
    <property name="java.version" value="1.8.0_131"/>
    <property name="user.dir" value="G:\work\im_project"/>
    <property name="os.arch" value="amd64"/>
    <property name="java.vm.specification.name" value="Java Virtual Machine Specification"/>
    <property name="java.awt.printerjob" value="sun.awt.windows.WPrinterJob"/>
    <property name="sun.os.patch.level" value=""/>
    <property name="idea.version2019.3.3" value="true"/>
    <property name="java.library.path" value="C:\Program Files\Java\jdk1.8.0_131\jre\bin;C:\WINDOWS\Sun\Java\bin;C:\WINDOWS\system32;C:\WINDOWS;C:\ProgramData\Oracle\Java\javapath;C:\Program Files\Intel\iCLS Client\;C:\Windows\system32;C:\Windows;C:\Windows\System32\Wbem;C:\Windows\System32\WindowsPowerShell\v1.0\;C:\Program Files (x86)\NVIDIA Corporation\PhysX\Common;C:\Program Files (x86)\Intel\Intel(R) Management Engine Components\DAL;C:\Program Files\Intel\Intel(R) Management Engine Components\DAL;C:\Program Files (x86)\Intel\Intel(R) Management Engine Components\IPT;C:\Program Files\Intel\Intel(R) Management Engine Components\IPT;C:\WINDOWS\system32;C:\WINDOWS;C:\WINDOWS\System32\Wbem;C:\WINDOWS\System32\WindowsPowerShell\v1.0\;C:\WINDOWS\System32\OpenSSH\;&quot;D:\Git\cmd;&quot;;D:\3d\runtime\win64;D:\3d\bin;D:\Python37\Lib\site-packages\win32\lib;C:\Program Files\dotnet\;C:\Program Files\Microsoft SQL Server\130\Tools\Binn\;C:\Program Files\Java\jdk1.8.0_131\bin;C:\Program Files\Java\jdk1.8.0_131\jre\bin;G:\软件创新大赛\快应用开发\Quickapp\nodejs;D:\Git\bin;G:\Putty\;C:\MinGW\bin;C:\Program Files (x86)\GnuWin32\bin;G:\work\apache-maven-3.6.3\bin;F:\常用软件\rational rose\Common;F:\Anaconda3;F:\Anaconda3\Library\mingw-w64\bin;F:\Anaconda3\Library\usr\bin;F:\Anaconda3\Library\bin;F:\Anaconda3\Scripts;D:\Python37\Scripts\;D:\Python37\;C:\Users\ASUS\AppData\Local\Microsoft\WindowsApps;;G:\IDEA\IntelliJ IDEA 2019.3.3\bin;;."/>
    <property name="java.vm.info" value="mixed mode"/>
    <property name="java.vendor" value="Oracle Corporation"/>
    <property name="java.vm.version" value="25.131-b11"/>
    <property name="java.ext.dirs" value="C:\Program Files\Java\jdk1.8.0_131\jre\lib\ext;C:\WINDOWS\Sun\Java\lib\ext"/>
    <property name="sun.io.unicode.encoding" value="UnicodeLittle"/>
    <property name="java.class.version" value="52.0"/>
  </properties>
  <testcase name="shouldAnswerWithTrue" classname="org.im.agreement.AppTest" time="0.004"/>
</testsuite>